#
# A fatal error has been detected by the Java Runtime Environment:
#
#  EXCEPTION_ACCESS_VIOLATION (0xc0000005) at pc=0x0000000180003990, pid=14060, tid=0x000000000000081c
#
# JRE version: Java(TM) SE Runtime Environment (8.0_291-b10) (build 1.8.0_291-b10)
# Java VM: Java HotSpot(TM) 64-Bit Server VM (25.291-b10 mixed mode windows-amd64 compressed oops)
# Problematic frame:
# C  [rxtxSerial.dll+0x3990]
#
# Failed to write core dump. Minidumps are not enabled by default on client versions of Windows
#
# If you would like to submit a bug report, please visit:
#   http://bugreport.java.com/bugreport/crash.jsp
# The crash happened outside the Java Virtual Machine in native code.
# See problematic frame for where to report the bug.
#

---------------  T H R E A D  ---------------

Current thread (0x000001d7f6c4a000):  JavaThread "Thread-0" [_thread_in_native, id=2076, stack(0x0000009e8fb00000,0x0000009e8fc00000)]

siginfo: ExceptionCode=0xc0000005, reading address 0xffffffff8fbfed88

Registers:
RAX=0x000000008fbfed80, RBX=0x0000000000000000, RCX=0x000000018001d4d5, RDX=0xfffffffffffff665
RSP=0x0000009e8fbfe000, RBP=0x00000000ffffffff, RSI=0x000000000000000e, RDI=0x0000000000000000
R8 =0x0000000000000002, R9 =0xfffffffffffff63c, R10=0x0000000000000016, R11=0x8101010101010100
R12=0xffffffff8fbfed80, R13=0x0000000000000001, R14=0x000000000000000e, R15=0x0000000000000000
RIP=0x0000000180003990, EFLAGS=0x0000000000010206

Top of Stack: (sp=0x0000009e8fbfe000)
0x0000009e8fbfe000:   0000000000000000 0000009e8fbfe1d0
0x0000009e8fbfe010:   000000000000000e 0000000000000000
0x0000009e8fbfe020:   000001d7f6c4a000 00000000ffffffff
0x0000009e8fbfe030:   0000000000000001 0000000000000000
0x0000009e8fbfe040:   000001d7f6c4a200 000000000000000e
0x0000009e8fbfe050:   0000009e8fbfe1d0 000000018000535a
0x0000009e8fbfe060:   000001d78089b1e0 0000009e8fbfe1d0
0x0000009e8fbfe070:   0000000000000001 000001d78089b1e0
0x0000009e8fbfe080:   0000009e0000000e 00000000ffffffff
0x0000009e8fbfe090:   0000009e8fbfe1d8 0000000000000000
0x0000009e8fbfe0a0:   000001d7f6c4a000 000001d7f53acbb0
0x0000009e8fbfe0b0:   000001d7f402cb10 000001d7f6c4a000
0x0000009e8fbfe0c0:   000001d7f402cb10 000001d7f6c4a000
0x0000009e8fbfe0d0:   000001d7db367dc0 0000db5ad4c8a970
0x0000009e8fbfe0e0:   0000009e8fbfe1d8 000001d7f402cb08
0x0000009e8fbfe0f0:   0000000000000000 000001d7db367dc0 

Instructions: (pc=0x0000000180003990)
0x0000000180003970:   00 44 8b fb 8b fb e8 95 fe ff ff 8b ac 24 88 00
0x0000000180003980:   00 00 44 8b b4 24 80 00 00 00 4c 63 e0 41 8b f6
0x0000000180003990:   45 8b 6c 24 08 41 89 5c 24 08 85 ed 78 09 ff 15
0x00000001800039a0:   5c 36 01 00 44 8b f8 45 85 f6 7e 4d 0f 1f 40 00 


Register to memory mapping:

RAX=0x000000008fbfed80 is an unknown value
RBX=0x0000000000000000 is an unknown value
RCX=0x000000018001d4d5 is an unknown value
RDX=0xfffffffffffff665 is an unknown value
RSP=0x0000009e8fbfe000 is pointing into the stack for thread: 0x000001d7f6c4a000
RBP=0x00000000ffffffff is an unknown value
RSI=0x000000000000000e is an unknown value
RDI=0x0000000000000000 is an unknown value
R8 =0x0000000000000002 is an unknown value
R9 =0xfffffffffffff63c is an unknown value
R10=0x0000000000000016 is an unknown value
R11=0x8101010101010100 is an unknown value
R12=0xffffffff8fbfed80 is an unknown value
R13=0x0000000000000001 is an unknown value
R14=0x000000000000000e is an unknown value
R15=0x0000000000000000 is an unknown value


Stack: [0x0000009e8fb00000,0x0000009e8fc00000],  sp=0x0000009e8fbfe000,  free space=1016k
Native frames: (J=compiled Java code, j=interpreted, Vv=VM code, C=native code)
C  [rxtxSerial.dll+0x3990]
C  [rxtxSerial.dll+0x535a]
C  0x000001d7db37990e

Java frames: (J=compiled Java code, j=interpreted, Vv=VM code)
j  gnu.io.RXTXPort.readArray([BII)I+0
j  gnu.io.RXTXPort$SerialInputStream.read([BII)I+212
j  sun.nio.cs.StreamDecoder.readBytes()I+135
j  sun.nio.cs.StreamDecoder.implRead([CII)I+112
j  sun.nio.cs.StreamDecoder.read([CII)I+180
j  java.io.InputStreamReader.read([CII)I+7
j  java.io.BufferedReader.fill()V+145
J 88 C1 java.io.BufferedReader.readLine(Z)Ljava/lang/String; (304 bytes) @ 0x000001d7db497a7c [0x000001d7db4977a0+0x2dc]
j  java.io.BufferedReader.readLine()Ljava/lang/String;+2
j  Modelo.Serial.serialEvent(Lgnu/io/SerialPortEvent;)V+74
j  gnu.io.RXTXPort.sendEvent(IZ)Z+382
v  ~StubRoutines::call_stub
j  gnu.io.RXTXPort.eventLoop()V+0
j  gnu.io.RXTXPort$MonitorThread.run()V+12
v  ~StubRoutines::call_stub

---------------  P R O C E S S  ---------------

Java Threads: ( => current thread )
  0x000001d7806fb800 JavaThread "pool-1-thread-1" [_thread_blocked, id=12716, stack(0x0000009e90500000,0x0000009e90600000)]
  0x000001d7802d7800 JavaThread "Abandoned connection cleanup thread" daemon [_thread_blocked, id=15284, stack(0x0000009e90400000,0x0000009e90500000)]
  0x000001d7f7814800 JavaThread "Timer-0" [_thread_blocked, id=14552, stack(0x0000009e90300000,0x0000009e90400000)]
  0x000001d7f77c6000 JavaThread "D3D Screen Updater" daemon [_thread_blocked, id=1432, stack(0x0000009e90200000,0x0000009e90300000)]
  0x000001d7f771a000 JavaThread "AWT-EventQueue-0" [_thread_blocked, id=9320, stack(0x0000009e90100000,0x0000009e90200000)]
  0x000001d7f72e6800 JavaThread "AWT-Windows" daemon [_thread_in_native, id=8880, stack(0x0000009e8fe00000,0x0000009e8ff00000)]
  0x000001d7f72e3000 JavaThread "AWT-Shutdown" [_thread_blocked, id=7916, stack(0x0000009e8fd00000,0x0000009e8fe00000)]
  0x000001d7f72db800 JavaThread "Java2D Disposer" daemon [_thread_blocked, id=2052, stack(0x0000009e8fc00000,0x0000009e8fd00000)]
=>0x000001d7f6c4a000 JavaThread "Thread-0" [_thread_in_native, id=2076, stack(0x0000009e8fb00000,0x0000009e8fc00000)]
  0x000001d7f6bb1000 JavaThread "Service Thread" daemon [_thread_blocked, id=2140, stack(0x0000009e8f900000,0x0000009e8fa00000)]
  0x000001d7f53bc000 JavaThread "C1 CompilerThread3" daemon [_thread_blocked, id=13832, stack(0x0000009e8f800000,0x0000009e8f900000)]
  0x000001d7f53b9000 JavaThread "C2 CompilerThread2" daemon [_thread_blocked, id=7240, stack(0x0000009e8f700000,0x0000009e8f800000)]
  0x000001d7f53aa800 JavaThread "C2 CompilerThread1" daemon [_thread_blocked, id=10272, stack(0x0000009e8f600000,0x0000009e8f700000)]
  0x000001d7f53a9000 JavaThread "C2 CompilerThread0" daemon [_thread_blocked, id=10136, stack(0x0000009e8f500000,0x0000009e8f600000)]
  0x000001d7f53a6000 JavaThread "Attach Listener" daemon [_thread_blocked, id=13620, stack(0x0000009e8f400000,0x0000009e8f500000)]
  0x000001d7f53a5000 JavaThread "Signal Dispatcher" daemon [_thread_blocked, id=4196, stack(0x0000009e8f300000,0x0000009e8f400000)]
  0x000001d7f5383800 JavaThread "Finalizer" daemon [_thread_blocked, id=7564, stack(0x0000009e8f200000,0x0000009e8f300000)]
  0x000001d7f535b800 JavaThread "Reference Handler" daemon [_thread_blocked, id=13484, stack(0x0000009e8f100000,0x0000009e8f200000)]
  0x000001d7d99ae800 JavaThread "main" [_thread_blocked, id=8556, stack(0x0000009e8e500000,0x0000009e8e600000)]

Other Threads:
  0x000001d7f5353800 VMThread [stack: 0x0000009e8f000000,0x0000009e8f100000] [id=14820]
  0x000001d7f6bcd800 WatcherThread [stack: 0x0000009e8fa00000,0x0000009e8fb00000] [id=15192]

VM state:not at safepoint (normal execution)

VM Mutex/Monitor currently owned by a thread: None

heap address: 0x00000006c0c00000, size: 4084 MB, Compressed Oops mode: Zero based, Oop shift amount: 3
Narrow klass base: 0x0000000000000000, Narrow klass shift: 3
Compressed class space size: 1073741824 Address: 0x00000007c0000000

Heap:
 PSYoungGen      total 76288K, used 17254K [0x000000076af00000, 0x0000000774400000, 0x00000007c0000000)
  eden space 65536K, 26% used [0x000000076af00000,0x000000076bfd98f8,0x000000076ef00000)
  from space 10752K, 0% used [0x000000076f980000,0x000000076f980000,0x0000000770400000)
  to   space 10752K, 0% used [0x000000076ef00000,0x000000076ef00000,0x000000076f980000)
 ParOldGen       total 87552K, used 4502K [0x00000006c0c00000, 0x00000006c6180000, 0x000000076af00000)
  object space 87552K, 5% used [0x00000006c0c00000,0x00000006c1065b50,0x00000006c6180000)
 Metaspace       used 23564K, capacity 23828K, committed 24192K, reserved 1071104K
  class space    used 3005K, capacity 3099K, committed 3200K, reserved 1048576K

Card table byte_map: [0x000001d7ea720000,0x000001d7eaf20000] byte_map_base: 0x000001d7e711a000

Marking Bits: (ParMarkBitMap*) 0x000000006d497fe0
 Begin Bits: [0x000001d7eb480000, 0x000001d7ef450000)
 End Bits:   [0x000001d7ef450000, 0x000001d7f3420000)

Polling page: 0x000001d7d9b10000

CodeCache: size=245760Kb used=4220Kb max_used=4220Kb free=241539Kb
 bounds [0x000001d7db360000, 0x000001d7db790000, 0x000001d7ea360000]
 total_blobs=1906 nmethods=1301 adapters=519
 compilation: enabled

Compilation events (10 events):
Event: 2.757 Thread 0x000001d7f53bc000 1297       1       javax.swing.GroupLayout$ComponentSpring::getOrigin (5 bytes)
Event: 2.757 Thread 0x000001d7f53bc000 nmethod 1297 0x000001d7db780810 code [0x000001d7db780960, 0x000001d7db780a78]
Event: 2.757 Thread 0x000001d7f53bc000 1298       3       javax.swing.GroupLayout::getComponentInfo (62 bytes)
Event: 2.757 Thread 0x000001d7f53bc000 nmethod 1298 0x000001d7db780ad0 code [0x000001d7db780ca0, 0x000001d7db781550]
Event: 2.757 Thread 0x000001d7f53bc000 1299       3       javax.swing.GroupLayout$Spring::getMinimumSize (27 bytes)
Event: 2.757 Thread 0x000001d7f53bc000 nmethod 1299 0x000001d7db781810 code [0x000001d7db781980, 0x000001d7db781d70]
Event: 2.757 Thread 0x000001d7f53bc000 1300       3       javax.swing.GroupLayout::access$600 (6 bytes)
Event: 2.757 Thread 0x000001d7f53bc000 nmethod 1300 0x000001d7db781e90 code [0x000001d7db782000, 0x000001d7db782170]
Event: 2.757 Thread 0x000001d7f53bc000 1301       3       javax.swing.GroupLayout$Spring::setSize (16 bytes)
Event: 2.757 Thread 0x000001d7f53bc000 nmethod 1301 0x000001d7db782250 code [0x000001d7db7823c0, 0x000001d7db782610]

GC Heap History (6 events):
Event: 2.346 GC heap before
{Heap before GC invocations=1 (full 0):
 PSYoungGen      total 76288K, used 65536K [0x000000076af00000, 0x0000000770400000, 0x00000007c0000000)
  eden space 65536K, 100% used [0x000000076af00000,0x000000076ef00000,0x000000076ef00000)
  from space 10752K, 0% used [0x000000076f980000,0x000000076f980000,0x0000000770400000)
  to   space 10752K, 0% used [0x000000076ef00000,0x000000076ef00000,0x000000076f980000)
 ParOldGen       total 175104K, used 0K [0x00000006c0c00000, 0x00000006cb700000, 0x000000076af00000)
  object space 175104K, 0% used [0x00000006c0c00000,0x00000006c0c00000,0x00000006cb700000)
 Metaspace       used 20476K, capacity 20694K, committed 20864K, reserved 1067008K
  class space    used 2628K, capacity 2678K, committed 2688K, reserved 1048576K
Event: 2.354 GC heap after
Heap after GC invocations=1 (full 0):
 PSYoungGen      total 76288K, used 10473K [0x000000076af00000, 0x0000000770400000, 0x00000007c0000000)
  eden space 65536K, 0% used [0x000000076af00000,0x000000076af00000,0x000000076ef00000)
  from space 10752K, 97% used [0x000000076ef00000,0x000000076f93a720,0x000000076f980000)
  to   space 10752K, 0% used [0x000000076f980000,0x000000076f980000,0x0000000770400000)
 ParOldGen       total 175104K, used 80K [0x00000006c0c00000, 0x00000006cb700000, 0x000000076af00000)
  object space 175104K, 0% used [0x00000006c0c00000,0x00000006c0c14010,0x00000006cb700000)
 Metaspace       used 20476K, capacity 20694K, committed 20864K, reserved 1067008K
  class space    used 2628K, capacity 2678K, committed 2688K, reserved 1048576K
}
Event: 2.457 GC heap before
{Heap before GC invocations=2 (full 0):
 PSYoungGen      total 76288K, used 14301K [0x000000076af00000, 0x0000000770400000, 0x00000007c0000000)
  eden space 65536K, 5% used [0x000000076af00000,0x000000076b2bcd50,0x000000076ef00000)
  from space 10752K, 97% used [0x000000076ef00000,0x000000076f93a720,0x000000076f980000)
  to   space 10752K, 0% used [0x000000076f980000,0x000000076f980000,0x0000000770400000)
 ParOldGen       total 175104K, used 80K [0x00000006c0c00000, 0x00000006cb700000, 0x000000076af00000)
  object space 175104K, 0% used [0x00000006c0c00000,0x00000006c0c14010,0x00000006cb700000)
 Metaspace       used 20937K, capacity 21142K, committed 21248K, reserved 1067008K
  class space    used 2687K, capacity 2742K, committed 2816K, reserved 1048576K
Event: 2.461 GC heap after
Heap after GC invocations=2 (full 0):
 PSYoungGen      total 76288K, used 4623K [0x000000076af00000, 0x0000000774400000, 0x00000007c0000000)
  eden space 65536K, 0% used [0x000000076af00000,0x000000076af00000,0x000000076ef00000)
  from space 10752K, 43% used [0x000000076f980000,0x000000076fe03d90,0x0000000770400000)
  to   space 10752K, 0% used [0x000000076ef00000,0x000000076ef00000,0x000000076f980000)
 ParOldGen       total 175104K, used 88K [0x00000006c0c00000, 0x00000006cb700000, 0x000000076af00000)
  object space 175104K, 0% used [0x00000006c0c00000,0x00000006c0c16010,0x00000006cb700000)
 Metaspace       used 20937K, capacity 21142K, committed 21248K, reserved 1067008K
  class space    used 2687K, capacity 2742K, committed 2816K, reserved 1048576K
}
Event: 2.461 GC heap before
{Heap before GC invocations=3 (full 1):
 PSYoungGen      total 76288K, used 4623K [0x000000076af00000, 0x0000000774400000, 0x00000007c0000000)
  eden space 65536K, 0% used [0x000000076af00000,0x000000076af00000,0x000000076ef00000)
  from space 10752K, 43% used [0x000000076f980000,0x000000076fe03d90,0x0000000770400000)
  to   space 10752K, 0% used [0x000000076ef00000,0x000000076ef00000,0x000000076f980000)
 ParOldGen       total 175104K, used 88K [0x00000006c0c00000, 0x00000006cb700000, 0x000000076af00000)
  object space 175104K, 0% used [0x00000006c0c00000,0x00000006c0c16010,0x00000006cb700000)
 Metaspace       used 20937K, capacity 21142K, committed 21248K, reserved 1067008K
  class space    used 2687K, capacity 2742K, committed 2816K, reserved 1048576K
Event: 2.477 GC heap after
Heap after GC invocations=3 (full 1):
 PSYoungGen      total 76288K, used 0K [0x000000076af00000, 0x0000000774400000, 0x00000007c0000000)
  eden space 65536K, 0% used [0x000000076af00000,0x000000076af00000,0x000000076ef00000)
  from space 10752K, 0% used [0x000000076f980000,0x000000076f980000,0x0000000770400000)
  to   space 10752K, 0% used [0x000000076ef00000,0x000000076ef00000,0x000000076f980000)
 ParOldGen       total 87552K, used 4502K [0x00000006c0c00000, 0x00000006c6180000, 0x000000076af00000)
  object space 87552K, 5% used [0x00000006c0c00000,0x00000006c1065b50,0x00000006c6180000)
 Metaspace       used 20937K, capacity 21142K, committed 21248K, reserved 1067008K
  class space    used 2687K, capacity 2742K, committed 2816K, reserved 1048576K
}

Deoptimization events (10 events):
Event: 2.010 Thread 0x000001d7f7814800 Uncommon trap: reason=unstable_if action=reinterpret pc=0x000001d7db65e054 method=java.util.Properties$LineReader.readLine()I @ 252
Event: 2.017 Thread 0x000001d7f7814800 Uncommon trap: reason=unstable_if action=reinterpret pc=0x000001d7db678b5c method=java.util.Properties$LineReader.readLine()I @ 377
Event: 2.177 Thread 0x000001d7f7814800 Uncommon trap: reason=unstable_if action=reinterpret pc=0x000001d7db618218 method=java.util.HashMap.getNode(ILjava/lang/Object;)Ljava/util/HashMap$Node; @ 62
Event: 2.177 Thread 0x000001d7f7814800 Uncommon trap: reason=unstable_if action=reinterpret pc=0x000001d7db66e348 method=java.util.HashMap.putVal(ILjava/lang/Object;Ljava/lang/Object;ZZ)Ljava/lang/Object; @ 94
Event: 2.177 Thread 0x000001d7f7814800 Uncommon trap: reason=unstable_if action=reinterpret pc=0x000001d7db5ff088 method=java.util.HashMap.getNode(ILjava/lang/Object;)Ljava/util/HashMap$Node; @ 62
Event: 2.216 Thread 0x000001d7f7814800 Uncommon trap: reason=unstable_if action=reinterpret pc=0x000001d7db6ef2c4 method=java.util.HashMap.getNode(ILjava/lang/Object;)Ljava/util/HashMap$Node; @ 129
Event: 2.216 Thread 0x000001d7f7814800 Uncommon trap: reason=unstable_if action=reinterpret pc=0x000001d7db6f0f74 method=java.util.HashMap.getNode(ILjava/lang/Object;)Ljava/util/HashMap$Node; @ 129
Event: 2.509 Thread 0x000001d7f7814800 Uncommon trap: reason=unstable_if action=reinterpret pc=0x000001d7db4869c0 method=java.lang.CharacterData.of(I)Ljava/lang/CharacterData; @ 4
Event: 2.538 Thread 0x000001d7f7814800 Uncommon trap: reason=unstable_if action=reinterpret pc=0x000001d7db74398c method=java.lang.String.indexOf([CII[CIII)I @ 27
Event: 2.538 Thread 0x000001d7f7814800 Uncommon trap: reason=unstable_if action=reinterpret pc=0x000001d7db5e7568 method=java.lang.String.indexOf([CII[CIII)I @ 27

Classes redefined (0 events):
No events

Internal exceptions (10 events):
Event: 1.931 Thread 0x000001d7f7814800 Exception <a 'java/io/IOException'> (0x000000076d7b62f0) thrown at [C:\jenkins\workspace\8-2-build-windows-amd64-cygwin\jdk8u291\1294\hotspot\src\share\vm\prims\jni.cpp, line 710]
Event: 1.931 Thread 0x000001d7f7814800 Exception <a 'java/io/IOException'> (0x000000076d7b6738) thrown at [C:\jenkins\workspace\8-2-build-windows-amd64-cygwin\jdk8u291\1294\hotspot\src\share\vm\prims\jni.cpp, line 710]
Event: 2.138 Thread 0x000001d7f7814800 Exception <a 'java/lang/NullPointerException'> (0x000000076dd81fc0) thrown at [C:\jenkins\workspace\8-2-build-windows-amd64-cygwin\jdk8u291\1294\hotspot\src\share\vm\runtime\reflection.cpp, line 922]
Event: 2.151 Thread 0x000001d7f7814800 Exception <a 'java/io/IOException'> (0x000000076de2b3f8) thrown at [C:\jenkins\workspace\8-2-build-windows-amd64-cygwin\jdk8u291\1294\hotspot\src\share\vm\prims\jni.cpp, line 710]
Event: 2.151 Thread 0x000001d7f7814800 Exception <a 'java/io/IOException'> (0x000000076de2b840) thrown at [C:\jenkins\workspace\8-2-build-windows-amd64-cygwin\jdk8u291\1294\hotspot\src\share\vm\prims\jni.cpp, line 710]
Event: 2.185 Thread 0x000001d7f7814800 Exception <a 'java/lang/ArrayIndexOutOfBoundsException'> (0x000000076e0ceea8) thrown at [C:\jenkins\workspace\8-2-build-windows-amd64-cygwin\jdk8u291\1294\hotspot\src\share\vm\runtime\sharedRuntime.cpp, line 609]
Event: 2.239 Thread 0x000001d7f7814800 Exception <a 'java/io/IOException'> (0x000000076e529908) thrown at [C:\jenkins\workspace\8-2-build-windows-amd64-cygwin\jdk8u291\1294\hotspot\src\share\vm\prims\jni.cpp, line 710]
Event: 2.239 Thread 0x000001d7f7814800 Exception <a 'java/io/IOException'> (0x000000076e529b68) thrown at [C:\jenkins\workspace\8-2-build-windows-amd64-cygwin\jdk8u291\1294\hotspot\src\share\vm\prims\jni.cpp, line 710]
Event: 2.242 Thread 0x000001d7f7814800 Exception <a 'java/io/IOException'> (0x000000076e569a90) thrown at [C:\jenkins\workspace\8-2-build-windows-amd64-cygwin\jdk8u291\1294\hotspot\src\share\vm\prims\jni.cpp, line 710]
Event: 2.242 Thread 0x000001d7f7814800 Exception <a 'java/io/IOException'> (0x000000076e569ed8) thrown at [C:\jenkins\workspace\8-2-build-windows-amd64-cygwin\jdk8u291\1294\hotspot\src\share\vm\prims\jni.cpp, line 710]

Events (10 events):
Event: 2.723 loading class java/applet/Applet
Event: 2.723 loading class java/awt/Panel
Event: 2.723 loading class javax/swing/CellRendererPane
Event: 2.723 loading class java/awt/Panel done
Event: 2.723 loading class java/applet/Applet done
Event: 2.723 loading class javax/swing/CellRendererPane done
Event: 2.723 loading class javax/swing/RepaintManager$3
Event: 2.723 loading class javax/swing/RepaintManager$3 done
Event: 3.111 loading class gnu/io/SerialPortEvent
Event: 3.111 loading class gnu/io/SerialPortEvent done


Dynamic libraries:
0x00007ff798030000 - 0x00007ff798077000 	C:\Program Files\Java\jre1.8.0_291\bin\javaw.exe
0x00007ffcd7b30000 - 0x00007ffcd7d25000 	C:\Windows\SYSTEM32\ntdll.dll
0x00007ffcd5f00000 - 0x00007ffcd5fbe000 	C:\Windows\System32\KERNEL32.DLL
0x00007ffcd5400000 - 0x00007ffcd56c8000 	C:\Windows\System32\KERNELBASE.dll
0x00007ffcd73b0000 - 0x00007ffcd745c000 	C:\Windows\System32\ADVAPI32.dll
0x00007ffcd6b90000 - 0x00007ffcd6c2e000 	C:\Windows\System32\msvcrt.dll
0x00007ffcd7590000 - 0x00007ffcd762b000 	C:\Windows\System32\sechost.dll
0x00007ffcd5d70000 - 0x00007ffcd5e9a000 	C:\Windows\System32\RPCRT4.dll
0x00007ffcd71c0000 - 0x00007ffcd7361000 	C:\Windows\System32\USER32.dll
0x00007ffcd58c0000 - 0x00007ffcd58e2000 	C:\Windows\System32\win32u.dll
0x00007ffcd7380000 - 0x00007ffcd73ab000 	C:\Windows\System32\GDI32.dll
0x00007ffcd52f0000 - 0x00007ffcd53fb000 	C:\Windows\System32\gdi32full.dll
0x00007ffcd5250000 - 0x00007ffcd52ed000 	C:\Windows\System32\msvcp_win.dll
0x00007ffcd56d0000 - 0x00007ffcd57d0000 	C:\Windows\System32\ucrtbase.dll
0x00007ffcc2fc0000 - 0x00007ffcc325a000 	C:\Windows\WinSxS\amd64_microsoft.windows.common-controls_6595b64144ccf1df_6.0.19041.1110_none_60b5254171f9507e\COMCTL32.dll
0x00007ffcd5b90000 - 0x00007ffcd5bc0000 	C:\Windows\System32\IMM32.DLL
0x00007ffcd0710000 - 0x00007ffcd0725000 	C:\Program Files\Java\jre1.8.0_291\bin\vcruntime140.dll
0x00007ffc86a80000 - 0x00007ffc86b1b000 	C:\Program Files\Java\jre1.8.0_291\bin\msvcp140.dll
0x000000006ccb0000 - 0x000000006d510000 	C:\Program Files\Java\jre1.8.0_291\bin\server\jvm.dll
0x00007ffcd5b80000 - 0x00007ffcd5b88000 	C:\Windows\System32\PSAPI.DLL
0x00007ffcb3bc0000 - 0x00007ffcb3bc9000 	C:\Windows\SYSTEM32\WSOCK32.dll
0x00007ffcca1d0000 - 0x00007ffcca1f7000 	C:\Windows\SYSTEM32\WINMM.dll
0x00007ffccdd60000 - 0x00007ffccdd6a000 	C:\Windows\SYSTEM32\VERSION.dll
0x00007ffcd6040000 - 0x00007ffcd60ab000 	C:\Windows\System32\WS2_32.dll
0x00007ffcd3090000 - 0x00007ffcd30a2000 	C:\Windows\SYSTEM32\kernel.appcore.dll
0x00007ffcd0990000 - 0x00007ffcd09a0000 	C:\Program Files\Java\jre1.8.0_291\bin\verify.dll
0x00007ffcc1990000 - 0x00007ffcc19bb000 	C:\Program Files\Java\jre1.8.0_291\bin\java.dll
0x00007ffcce680000 - 0x00007ffcce698000 	C:\Program Files\Java\jre1.8.0_291\bin\zip.dll
0x00007ffcd62d0000 - 0x00007ffcd6a0f000 	C:\Windows\System32\SHELL32.dll
0x00007ffcd3370000 - 0x00007ffcd3b00000 	C:\Windows\SYSTEM32\windows.storage.dll
0x00007ffcd7630000 - 0x00007ffcd7985000 	C:\Windows\System32\combase.dll
0x00007ffcd4bd0000 - 0x00007ffcd4bfe000 	C:\Windows\SYSTEM32\Wldp.dll
0x00007ffcd60e0000 - 0x00007ffcd618d000 	C:\Windows\System32\SHCORE.dll
0x00007ffcd6c30000 - 0x00007ffcd6c85000 	C:\Windows\System32\shlwapi.dll
0x00007ffcd5190000 - 0x00007ffcd51af000 	C:\Windows\SYSTEM32\profapi.dll
0x0000000180000000 - 0x0000000180025000 	C:\Users\Massanemo\Downloads\APSMeteorologica\dist\rxtxSerial.dll
0x00007ffc6f5c0000 - 0x00007ffc6f755000 	C:\Program Files\Java\jre1.8.0_291\bin\awt.dll
0x00007ffcd7a20000 - 0x00007ffcd7aed000 	C:\Windows\System32\OLEAUT32.dll
0x00007ffcd2af0000 - 0x00007ffcd2b80000 	C:\Windows\SYSTEM32\apphelp.dll
0x00007ffcd3060000 - 0x00007ffcd308f000 	C:\Windows\system32\DWMAPI.DLL
0x00007ffcd2c90000 - 0x00007ffcd2d2e000 	C:\Windows\system32\uxtheme.dll
0x00007ffc6f490000 - 0x00007ffc6f5b5000 	C:\Windows\system32\opengl32.dll
0x00007ffcc1960000 - 0x00007ffcc198c000 	C:\Windows\SYSTEM32\GLU32.dll
0x00007ffcd6a10000 - 0x00007ffcd6b25000 	C:\Windows\System32\MSCTF.dll
0x00007ffcd7460000 - 0x00007ffcd758a000 	C:\Windows\System32\ole32.dll
0x00007ffcd57d0000 - 0x00007ffcd5853000 	C:\Windows\System32\bcryptPrimitives.dll
0x00007ffccaa30000 - 0x00007ffccabfe000 	C:\Windows\system32\d3d9.dll
0x00007ffccad60000 - 0x00007ffccae62000 	C:\Windows\System32\DriverStore\FileRepository\nv_dispi.inf_amd64_1c83a5d7cffd7bff\nvldumdx.dll
0x00007ffcd4d60000 - 0x00007ffcd4d72000 	C:\Windows\SYSTEM32\msasn1.dll
0x00007ffccdaa0000 - 0x00007ffccdad1000 	C:\Windows\SYSTEM32\cryptnet.dll
0x00007ffcd5940000 - 0x00007ffcd5a96000 	C:\Windows\System32\CRYPT32.dll
0x00007ffcd4b20000 - 0x00007ffcd4b2c000 	C:\Windows\SYSTEM32\cryptbase.dll
0x00007ffcd5860000 - 0x00007ffcd58c0000 	C:\Windows\System32\WINTRUST.DLL
0x00007ffcd60b0000 - 0x00007ffcd60cd000 	C:\Windows\System32\imagehlp.dll
0x00007ffcd4b30000 - 0x00007ffcd4b48000 	C:\Windows\SYSTEM32\CRYPTSP.dll
0x00007ffcd42b0000 - 0x00007ffcd42e4000 	C:\Windows\system32\rsaenh.dll
0x00007ffcd5b50000 - 0x00007ffcd5b77000 	C:\Windows\System32\bcrypt.dll
0x00007ffc6b4b0000 - 0x00007ffc6cecb000 	C:\Windows\System32\DriverStore\FileRepository\nv_dispi.inf_amd64_1c83a5d7cffd7bff\nvd3dumx.dll
0x00007ffcd3b10000 - 0x00007ffcd3b33000 	C:\Windows\SYSTEM32\gpapi.dll
0x00007ffccaf60000 - 0x00007ffccaf9b000 	C:\Windows\SYSTEM32\dxcore.dll
0x00007ffcd58f0000 - 0x00007ffcd593e000 	C:\Windows\System32\cfgmgr32.dll
0x00007ffcb70a0000 - 0x00007ffcb70e9000 	C:\Program Files\Java\jre1.8.0_291\bin\fontmanager.dll
0x00007ffcce5c0000 - 0x00007ffcce5dc000 	C:\Program Files\Java\jre1.8.0_291\bin\net.dll
0x00007ffcd4930000 - 0x00007ffcd499a000 	C:\Windows\system32\mswsock.dll
0x00007ffcce440000 - 0x00007ffcce453000 	C:\Program Files\Java\jre1.8.0_291\bin\nio.dll
0x00007ffcb7020000 - 0x00007ffcb7063000 	C:\Program Files\Java\jre1.8.0_291\bin\t2k.dll
0x00007ffcbae80000 - 0x00007ffcbaf79000 	C:\Windows\SYSTEM32\textinputframework.dll
0x00007ffcd2790000 - 0x00007ffcd2882000 	C:\Windows\System32\CoreMessaging.dll
0x00007ffcd2430000 - 0x00007ffcd278e000 	C:\Windows\System32\CoreUIComponents.dll
0x00007ffcd3f40000 - 0x00007ffcd3f73000 	C:\Windows\SYSTEM32\ntmarta.dll
0x00007ffcd1c20000 - 0x00007ffcd1d74000 	C:\Windows\SYSTEM32\wintypes.dll
0x00007ffcd4660000 - 0x00007ffcd472b000 	C:\Windows\SYSTEM32\DNSAPI.dll
0x00007ffcd4620000 - 0x00007ffcd465b000 	C:\Windows\SYSTEM32\IPHLPAPI.DLL
0x00007ffcd60d0000 - 0x00007ffcd60d8000 	C:\Windows\System32\NSI.dll
0x00007ffccced0000 - 0x00007ffccceda000 	C:\Windows\System32\rasadhlp.dll
0x00007ffccc620000 - 0x00007ffccc69f000 	C:\Windows\System32\fwpuclnt.dll
0x00007ffcd5110000 - 0x00007ffcd513e000 	C:\Windows\SYSTEM32\USERENV.dll
0x00007ffccf080000 - 0x00007ffccf097000 	C:\Windows\SYSTEM32\dhcpcsvc6.DLL
0x00007ffcceb50000 - 0x00007ffcceb6d000 	C:\Windows\SYSTEM32\dhcpcsvc.DLL
0x00007ffcc1a70000 - 0x00007ffcc1c54000 	C:\Windows\SYSTEM32\dbghelp.dll

VM Arguments:
java_command: C:\Users\Massanemo\Downloads\APSMeteorologica\dist\APSMeteorologica.jar
java_class_path (initial): C:\Users\Massanemo\Downloads\APSMeteorologica\dist\APSMeteorologica.jar
Launcher Type: SUN_STANDARD

Environment Variables:
PATH=C:\Python39\Scripts\;C:\Python39\;C:\Program Files (x86)\Common Files\Oracle\Java\javapath;C:\ProgramData\Oracle\Java\javapath;C:\Windows\system32;C:\Windows;C:\Windows\System32\Wbem;C:\Windows\System32\WindowsPowerShell\v1.0\;C:\Windows\System32\OpenSSH\;C:\Program Files\dotnet\;D:\Program Files (x86)\Microsoft SQL Server\150\DTS\Binn\;C:\Program Files\Azure Data Studio\bin;D:\Program Files\nodejs\;C:\ProgramData\chocolatey\bin;D:\MinGW\bin;D:\Program Files\Microsoft SQL Server\150\DTS\Binn\;D:\Program Files\Microsoft SQL Server\Client SDK\ODBC\170\Tools\Binn\;D:\Program Files (x86)\Microsoft SQL Server\150\Tools\Binn\;D:\Program Files\Microsoft SQL Server\150\Tools\Binn\;C:\Users\Massanemo\AppData\Local\Microsoft\WindowsApps;C:\Program Files\Azure Data Studio\bin;C:\Users\Massanemo\AppData\Roaming\npm;D:\Programs\Microsoft VS Code\bin;D:\MinGW\bin;
USERNAME=Massanemo
OS=Windows_NT
PROCESSOR_IDENTIFIER=AMD64 Family 23 Model 8 Stepping 2, AuthenticAMD



---------------  S Y S T E M  ---------------

OS: Windows 10.0 , 64 bit Build 19041 (10.0.19041.1348)

CPU:total 12 (initial active 12) (12 cores per cpu, 1 threads per core) family 23 model 8 stepping 2, cmov, cx8, fxsr, mmx, sse, sse2, sse3, ssse3, sse4.1, sse4.2, popcnt, avx, avx2, aes, clmul, mmxext, 3dnowpref, lzcnt, sse4a, tsc, tscinvbit, tscinv, bmi1

Memory: 4k page, physical 16724548k(10746600k free), swap 23802436k(14677652k free)

vm_info: Java HotSpot(TM) 64-Bit Server VM (25.291-b10) for windows-amd64 JRE (1.8.0_291-b10), built on Apr  9 2021 00:02:00 by "java_re" with MS VC++ 15.9 (VS2017)

time: Wed Nov 17 14:46:29 2021
timezone: Hora oficial do Brasil
elapsed time: 3.126737 seconds (0d 0h 0m 3s)

